
Copyright (C) 1994-2018 Synopsys, Inc.
This Synopsys software and all associated documentation are proprietary to Synopsys, Inc.
and may only be used pursuant to the terms and conditions of a written license agreement
with Synopsys, Inc. All other use, reproduction, modification, or distribution of the
Synopsys software or the associated documentation is strictly prohibited.
Tool: Synplify (R) Premier
Build: O-2018.09-SP1
Install: /vol/synopsys/fpga/O-2018.09-SP1
OS: Red Hat Enterprise Linux 8.10 (Ootpa)
Hostname: joker.ece.northwestern.edu
max virtual memory: unlimited (bytes)
max user processes: 126625
max stack size: 8388608 (bytes)


Implementation : rev_2

# Written on Mon Apr 14 13:05:50 2025

##### DESIGN INFO #######################################################

Top View:                "lanedetect_top"
Constraint File(s):      (none)




##### SUMMARY ############################################################

Found 0 issues in 0 out of 0 constraints


##### DETAILS ############################################################



Clock Relationships
*******************

Starting                 Ending                   |     rise to rise     |     fall to fall     |     rise to fall     |     fall to rise                     
-------------------------------------------------------------------------------------------------------------------------------------------------------------
lanedetect_top|i_CLK     lanedetect_top|i_CLK     |     10.000           |     No paths         |     No paths         |     No paths                         
=============================================================================================================================================================
 Note: 'No paths' indicates there are no paths in the design for that pair of clock edges.
       'Diff grp' indicates that paths exist but the starting clock and ending clock are in different clock groups.


Unconstrained Start/End Points
******************************

p:i_PIXEL[0]
p:i_PIXEL[1]
p:i_PIXEL[2]
p:i_PIXEL[3]
p:i_PIXEL[4]
p:i_PIXEL[5]
p:i_PIXEL[6]
p:i_PIXEL[7]
p:i_PIXEL[8]
p:i_PIXEL[9]
p:i_PIXEL[10]
p:i_PIXEL[11]
p:i_PIXEL[12]
p:i_PIXEL[13]
p:i_PIXEL[14]
p:i_PIXEL[15]
p:i_PIXEL[16]
p:i_PIXEL[17]
p:i_PIXEL[18]
p:i_PIXEL[19]
p:i_PIXEL[20]
p:i_PIXEL[21]
p:i_PIXEL[22]
p:i_PIXEL[23]
p:i_RD_EN
p:i_RST
p:i_WR_EN
p:o_EMPTY
p:o_FULL
p:o_PIXEL[0]
p:o_PIXEL[1]
p:o_PIXEL[2]
p:o_PIXEL[3]
p:o_PIXEL[4]
p:o_PIXEL[5]
p:o_PIXEL[6]
p:o_PIXEL[7]


Inapplicable constraints
************************

(none)


Applicable constraints with issues
**********************************

(none)


Constraints with matching wildcard expressions
**********************************************

(none)


Library Report
**************


# End of Constraint Checker Report
