##### START OF AREA REPORT #####[
Design view:work.lanedetect_top(rtl)
Selecting part 5CSEBA6U23I7

Total combinational functions 96 of 83820 ( 0%)
ALUT usage by number of inputs
		  7 input functions 	 0
		  6 input functions 	 1
		  5 input functions 	 42
		  4 input functions 	 23
		  <=3 input functions 	 30
ALUTs by mode
		  normal mode            96
		  extended LUT mode      0
		  arithmetic mode        0
		  shared arithmetic mode 0
Total registers 63 of 167640 ( 0%)
Total Estimated Packed ALMs 55 of 41910 ( 0%)
I/O pins 38 of 497 ( 8%), total I/O based on largest package of this part.

Number of I/O registers
			Input DDRs    :0
			Output DDRs   :0

DSP.M18X18_SUMOF2: 1
DSP.M27X27: 1
DSP Blocks:     2 
ShiftTap:       0  (0 registers)
M10Ks:           0  (0% of 553)
Memory ALUTs:   32  (0% of 20955)
Total ESB:      2048 bits 

##### END OF AREA REPORT #####]

