/vol/synopsys/fpga/O-2018.09-SP1/bin/m_altera  -mp  4  -prjfile  /home/nmh6120/ce387/CE392/syn/rev_2/scratchproject.prs  -implementation  rev_2  -prodtype  synplify_premier  -encrypt  -pro  -rundir  /home/nmh6120/ce387/CE392/syn/rev_2   -part 5CSEBA6UI23-7    -maxfan 30 -verification_mode 0 -infer_seqShift -pipe -fixgatedclocks 1 -fixgeneratedclocks 1 -syn_altera_model on -mif_files_dirs " " -synthesis_strategy advanced -continue_on_error -validate_mif_files -reporting_ctd 0 -RWCheckOnRam 1 -summaryfile /home/nmh6120/ce387/CE392/syn/rev_2/synlog/report/lanedetect_top_premap.xml -merge_inferred_clocks 0  -map  -licensetype  synplifypremierdp  -vqm41  -ovqm  /home/nmh6120/ce387/CE392/syn/rev_2/lanedetect_top.vqm  -conchk_prepass  /home/nmh6120/ce387/CE392/syn/rev_2/lanedetect_top_cck.rpt   -freq 100.000   /home/nmh6120/ce387/CE392/syn/rev_2/synwork/lanedetect_top_mult.srs  -flow prepass  -gcc_prepass  -osrd  /home/nmh6120/ce387/CE392/syn/rev_2/synwork/lanedetect_top_prem.srd  -qsap  /home/nmh6120/ce387/CE392/syn/rev_2/lanedetect_top.sap  -devicelib  /vol/synopsys/fpga/O-2018.09-SP1/lib/altera/altera.v  -devicelib  /vol/synopsys/fpga/O-2018.09-SP1/lib/altera/altera_mult_add.v  -devicelib  /vol/synopsys/fpga/O-2018.09-SP1/lib/altera/quartus_prime181/cyclonev.v  -devicelib  /vol/synopsys/fpga/O-2018.09-SP1/lib/altera/quartus_prime181/altera_mf.v  -devicelib  /vol/synopsys/fpga/O-2018.09-SP1/lib/altera/quartus_prime181/altera_lpm.v  -devicelib  /vol/synopsys/fpga/O-2018.09-SP1/lib/altera/quartus_prime181/altera_primitives.v  -ologparam  /home/nmh6120/ce387/CE392/syn/rev_2/syntmp/lanedetect_top.plg  -osyn  /home/nmh6120/ce387/CE392/syn/rev_2/synwork/lanedetect_top_prem.srd  -prjdir  /home/nmh6120/ce387/CE392/syn/  -prjname  lanedetect  -log  /home/nmh6120/ce387/CE392/syn/rev_2/synlog/lanedetect_top_premap.srr  -sn  2018.09  -jobname  "premap" 
relcom:/vol/synopsys/fpga/O-2018.09-SP1/bin/m_altera -mp 4 -prjfile ../scratchproject.prs -implementation rev_2 -prodtype synplify_premier -encrypt -pro -rundir ../../rev_2 -part 5CSEBA6UI23-7 -maxfan 30 -verification_mode 0 -infer_seqShift -pipe -fixgatedclocks 1 -fixgeneratedclocks 1 -syn_altera_model on -mif_files_dirs " " -synthesis_strategy advanced -continue_on_error -validate_mif_files -reporting_ctd 0 -RWCheckOnRam 1 -summaryfile ../synlog/report/lanedetect_top_premap.xml -merge_inferred_clocks 0 -map -licensetype synplifypremierdp -vqm41 -ovqm ../lanedetect_top.vqm -conchk_prepass ../lanedetect_top_cck.rpt -freq 100.000 ../synwork/lanedetect_top_mult.srs -flow prepass -gcc_prepass -osrd ../synwork/lanedetect_top_prem.srd -qsap ../lanedetect_top.sap -devicelib /vol/synopsys/fpga/O-2018.09-SP1/lib/altera/altera.v -devicelib /vol/synopsys/fpga/O-2018.09-SP1/lib/altera/altera_mult_add.v -devicelib /vol/synopsys/fpga/O-2018.09-SP1/lib/altera/quartus_prime181/cyclonev.v -devicelib /vol/synopsys/fpga/O-2018.09-SP1/lib/altera/quartus_prime181/altera_mf.v -devicelib /vol/synopsys/fpga/O-2018.09-SP1/lib/altera/quartus_prime181/altera_lpm.v -devicelib /vol/synopsys/fpga/O-2018.09-SP1/lib/altera/quartus_prime181/altera_primitives.v -ologparam lanedetect_top.plg -osyn ../synwork/lanedetect_top_prem.srd -prjdir ../../ -prjname lanedetect -log ../synlog/lanedetect_top_premap.srr -sn 2018.09 -jobname "premap"
rc:1 success:1 runtime:0
file:../scratchproject.prs|io:o|time:1744653946|size:1870|exec:0|csum:
file:../lanedetect_top.vqm|io:o|time:1744653935|size:78966|exec:0|csum:
file:../lanedetect_top_cck.rpt|io:o|time:1744653950|size:2797|exec:0|csum:
file:../synwork/lanedetect_top_mult.srs|io:i|time:1744653933|size:3829|exec:0|csum:C77AA14DFEFD2C3A4E6E046FF85A268E
file:../synwork/lanedetect_top_prem.srd|io:o|time:1744653950|size:11644|exec:0|csum:
file:../lanedetect_top.sap|io:o|time:1744653950|size:668|exec:0|csum:
file:/vol/synopsys/fpga/O-2018.09-SP1/lib/altera/altera.v|io:i|time:1543381811|size:761|exec:0|csum:530DBF8BEE396EFE8B33F0255371F1EA
file:/vol/synopsys/fpga/O-2018.09-SP1/lib/altera/altera_mult_add.v|io:i|time:1543381811|size:168277|exec:0|csum:6E29C085D2A2C382F4C51DABDB48F76A
file:/vol/synopsys/fpga/O-2018.09-SP1/lib/altera/quartus_prime181/cyclonev.v|io:i|time:1543381840|size:131|exec:0|csum:6832EE71B40C2B86E4A43BC5063506D9
file:/vol/synopsys/fpga/O-2018.09-SP1/lib/altera/quartus_prime181/altera_mf.v|io:i|time:1543381839|size:2618882|exec:0|csum:84794777C52804010B1D63698E285DB9
file:/vol/synopsys/fpga/O-2018.09-SP1/lib/altera/quartus_prime181/altera_lpm.v|io:i|time:1543381839|size:14867|exec:0|csum:01D82E1D5975CD832C9D765243E5182D
file:/vol/synopsys/fpga/O-2018.09-SP1/lib/altera/quartus_prime181/altera_primitives.v|io:i|time:1543381839|size:35286|exec:0|csum:C0AAD8CA21730C472D624582C058B929
file:lanedetect_top.plg|io:o|time:1744653950|size:26|exec:0|csum:
file:../synwork/lanedetect_top_prem.srd|io:o|time:1744653950|size:11644|exec:0|csum:
file:../synlog/lanedetect_top_premap.srr|io:o|time:1744653950|size:4811|exec:0|csum:
file:/vol/synopsys/fpga/O-2018.09-SP1/linux_a_64/m_altera|io:i|time:1543382473|size:31613712|exec:1|csum:5FBEB6EEDF3364EAF4B7F14711D19D39
file:/vol/synopsys/fpga/O-2018.09-SP1/bin/m_altera|io:i|time:1543381999|size:347|exec:1|csum:04851DFC0CBB288ED81DA3E420127D0D
