/vol/synopsys/fpga/O-2018.09-SP1/bin/m_altera  -prodtype  synplify_premier  -encrypt  -pro  -rundir  /home/nmh6120/ce387/CE392/syn/rev_2   -part 5CSEBA6UI23-7    -maxfan 30 -verification_mode 0 -infer_seqShift -pipe -fixgatedclocks 1 -fixgeneratedclocks 1 -syn_altera_model on -mif_files_dirs " " -synthesis_strategy advanced -continue_on_error -validate_mif_files -reporting_ctd 0 -RWCheckOnRam 1 -summaryfile /home/nmh6120/ce387/CE392/syn/rev_2/synlog/report/lanedetect_top_fpga_mapper.xml -merge_inferred_clocks 0  -map  -licensetype  synplifypremierdp  -flow mapping  -mp  4  -prjfile  /home/nmh6120/ce387/CE392/syn/rev_2/scratchproject.prs  -implementation  rev_2  -multisrs  -vqm41  -ovqm  /home/nmh6120/ce387/CE392/syn/rev_2/lanedetect_top.vqm   -freq 100.000   /home/nmh6120/ce387/CE392/syn/rev_2/synwork/lanedetect_top_prem.srd  -sap  /home/nmh6120/ce387/CE392/syn/rev_2/lanedetect_top.sap  -otap  /home/nmh6120/ce387/CE392/syn/rev_2/lanedetect_top.tap  -omap  /home/nmh6120/ce387/CE392/syn/rev_2/lanedetect_top.map  -devicelib  /vol/synopsys/fpga/O-2018.09-SP1/lib/altera/altera.v  -devicelib  /vol/synopsys/fpga/O-2018.09-SP1/lib/altera/altera_mult_add.v  -devicelib  /vol/synopsys/fpga/O-2018.09-SP1/lib/altera/quartus_prime181/cyclonev.v  -devicelib  /vol/synopsys/fpga/O-2018.09-SP1/lib/altera/quartus_prime181/altera_mf.v  -devicelib  /vol/synopsys/fpga/O-2018.09-SP1/lib/altera/quartus_prime181/altera_lpm.v  -devicelib  /vol/synopsys/fpga/O-2018.09-SP1/lib/altera/quartus_prime181/altera_primitives.v  -sap  /home/nmh6120/ce387/CE392/syn/rev_2/lanedetect_top.sap  -ologparam  /home/nmh6120/ce387/CE392/syn/rev_2/syntmp/lanedetect_top.plg  -osyn  /home/nmh6120/ce387/CE392/syn/rev_2/lanedetect_top.srm  -prjdir  /home/nmh6120/ce387/CE392/syn/  -prjname  lanedetect  -log  /home/nmh6120/ce387/CE392/syn/rev_2/synlog/lanedetect_top_fpga_mapper.srr  -sn  2018.09  -jobname  "fpga_mapper" 
relcom:/vol/synopsys/fpga/O-2018.09-SP1/bin/m_altera -prodtype synplify_premier -encrypt -pro -rundir ../../rev_2 -part 5CSEBA6UI23-7 -maxfan 30 -verification_mode 0 -infer_seqShift -pipe -fixgatedclocks 1 -fixgeneratedclocks 1 -syn_altera_model on -mif_files_dirs " " -synthesis_strategy advanced -continue_on_error -validate_mif_files -reporting_ctd 0 -RWCheckOnRam 1 -summaryfile ../synlog/report/lanedetect_top_fpga_mapper.xml -merge_inferred_clocks 0 -map -licensetype synplifypremierdp -flow mapping -mp 4 -prjfile ../scratchproject.prs -implementation rev_2 -multisrs -vqm41 -ovqm ../lanedetect_top.vqm -freq 100.000 ../synwork/lanedetect_top_prem.srd -sap ../lanedetect_top.sap -otap ../lanedetect_top.tap -omap ../lanedetect_top.map -devicelib /vol/synopsys/fpga/O-2018.09-SP1/lib/altera/altera.v -devicelib /vol/synopsys/fpga/O-2018.09-SP1/lib/altera/altera_mult_add.v -devicelib /vol/synopsys/fpga/O-2018.09-SP1/lib/altera/quartus_prime181/cyclonev.v -devicelib /vol/synopsys/fpga/O-2018.09-SP1/lib/altera/quartus_prime181/altera_mf.v -devicelib /vol/synopsys/fpga/O-2018.09-SP1/lib/altera/quartus_prime181/altera_lpm.v -devicelib /vol/synopsys/fpga/O-2018.09-SP1/lib/altera/quartus_prime181/altera_primitives.v -sap ../lanedetect_top.sap -ologparam lanedetect_top.plg -osyn ../lanedetect_top.srm -prjdir ../../ -prjname lanedetect -log ../synlog/lanedetect_top_fpga_mapper.srr -sn 2018.09 -jobname "fpga_mapper"
rc:1 success:1 runtime:2
file:../scratchproject.prs|io:o|time:1744653946|size:1870|exec:0|csum:
file:../lanedetect_top.vqm|io:o|time:1744653952|size:145617|exec:0|csum:
file:../synwork/lanedetect_top_prem.srd|io:i|time:1744653950|size:11644|exec:0|csum:A41F13F57D0D7A17A6DF72C7A2967882
file:../lanedetect_top.sap|io:o|time:1744653950|size:668|exec:0|csum:
file:../lanedetect_top.tap|io:o|time:0|size:-1|exec:0|csum:
file:../lanedetect_top.map|io:o|time:1744653952|size:27|exec:0|csum:
file:/vol/synopsys/fpga/O-2018.09-SP1/lib/altera/altera.v|io:i|time:1543381811|size:761|exec:0|csum:530DBF8BEE396EFE8B33F0255371F1EA
file:/vol/synopsys/fpga/O-2018.09-SP1/lib/altera/altera_mult_add.v|io:i|time:1543381811|size:168277|exec:0|csum:6E29C085D2A2C382F4C51DABDB48F76A
file:/vol/synopsys/fpga/O-2018.09-SP1/lib/altera/quartus_prime181/cyclonev.v|io:i|time:1543381840|size:131|exec:0|csum:6832EE71B40C2B86E4A43BC5063506D9
file:/vol/synopsys/fpga/O-2018.09-SP1/lib/altera/quartus_prime181/altera_mf.v|io:i|time:1543381839|size:2618882|exec:0|csum:84794777C52804010B1D63698E285DB9
file:/vol/synopsys/fpga/O-2018.09-SP1/lib/altera/quartus_prime181/altera_lpm.v|io:i|time:1543381839|size:14867|exec:0|csum:01D82E1D5975CD832C9D765243E5182D
file:/vol/synopsys/fpga/O-2018.09-SP1/lib/altera/quartus_prime181/altera_primitives.v|io:i|time:1543381839|size:35286|exec:0|csum:C0AAD8CA21730C472D624582C058B929
file:../lanedetect_top.sap|io:o|time:1744653950|size:668|exec:0|csum:
file:lanedetect_top.plg|io:o|time:1744653952|size:600|exec:0|csum:
file:../lanedetect_top.srm|io:o|time:1744653952|size:31902|exec:0|csum:
file:../synlog/lanedetect_top_fpga_mapper.srr|io:o|time:1744653952|size:43159|exec:0|csum:
file:/vol/synopsys/fpga/O-2018.09-SP1/linux_a_64/m_altera|io:i|time:1543382473|size:31613712|exec:1|csum:5FBEB6EEDF3364EAF4B7F14711D19D39
file:/vol/synopsys/fpga/O-2018.09-SP1/bin/m_altera|io:i|time:1543381999|size:347|exec:1|csum:04851DFC0CBB288ED81DA3E420127D0D
